2025-09-28 22:40:20,808 - INFO - === 差分株価データ取得開始 ===
2025-09-28 22:40:20,809 - INFO - 基準開始日: 2025-01-06
2025-09-28 22:40:20,809 - INFO - 目標終了日: 2025-09-28
2025-09-28 22:40:20,809 - INFO - リクエスト間隔: 1.0秒
2025-09-28 22:40:42,600 - INFO - === 差分株価データ取得開始 ===
2025-09-28 22:40:42,600 - INFO - 基準開始日: 2025-01-06
2025-09-28 22:40:42,600 - INFO - 目標終了日: 2025-09-28
2025-09-28 22:40:42,601 - INFO - リクエスト間隔: 1.0秒
2025-09-28 22:40:42,615 - INFO - === 現在のデータ統計 ===
2025-09-28 22:40:42,615 - INFO - 登録銘柄数: 5
2025-09-28 22:40:42,615 - INFO - 総レコード数: 895
2025-09-28 22:40:42,615 - INFO - 最古データ: 2025-01-06
2025-09-28 22:40:42,616 - INFO - 最新データ: 2025-09-26
2025-09-28 22:40:42,616 - INFO - === 最新日別銘柄数 ===
2025-09-28 22:40:42,616 - INFO - 2025-09-26: 5銘柄
2025-09-28 22:40:42,635 - INFO - マスターから1620銘柄を取得しました
2025-09-28 22:40:42,636 - INFO - === 処理計画の分析中... ===
2025-09-28 22:40:42,636 - INFO - 分析進捗: 1/1620
2025-09-28 22:40:43,317 - INFO - 分析進捗: 101/1620
2025-09-28 22:40:43,945 - INFO - 分析進捗: 201/1620
2025-09-28 22:40:44,534 - INFO - 分析進捗: 301/1620
2025-09-28 22:40:45,104 - INFO - 分析進捗: 401/1620
2025-09-28 22:40:45,670 - INFO - 分析進捗: 501/1620
2025-09-28 22:40:46,235 - INFO - 分析進捗: 601/1620
2025-09-28 22:40:46,835 - INFO - 分析進捗: 701/1620
2025-09-28 22:40:47,404 - INFO - 分析進捗: 801/1620
2025-09-28 22:40:47,976 - INFO - 分析進捗: 901/1620
2025-09-28 22:40:48,543 - INFO - 分析進捗: 1001/1620
2025-09-28 22:40:49,121 - INFO - 分析進捗: 1101/1620
2025-09-28 22:40:49,691 - INFO - 分析進捗: 1201/1620
2025-09-28 22:40:50,265 - INFO - 分析進捗: 1301/1620
2025-09-28 22:40:53,796 - INFO - 分析進捗: 1401/1620
2025-09-28 22:40:54,366 - INFO - 分析進捗: 1501/1620
2025-09-28 22:40:54,937 - INFO - 分析進捗: 1601/1620
2025-09-28 22:40:55,054 - INFO - === 処理計画 ===
2025-09-28 22:40:55,054 - INFO - 新規取得: 1615銘柄
2025-09-28 22:40:55,054 - INFO - 差分更新: 5銘柄
2025-09-28 22:40:55,054 - INFO - スキップ: 0銘柄
2025-09-28 22:40:55,054 - INFO - 処理対象: 1620銘柄
2025-09-28 22:40:55,054 - INFO - 推定データ量: 427,980レコード
2025-09-28 22:40:55,054 - INFO - 推定処理時間: 27.0分
2025-09-28 22:40:55,054 - INFO - === 実際の処理開始 ===
2025-09-28 22:40:55,054 - INFO - === バッチ 1 (1-50/1620) ===
2025-09-28 22:40:55,060 - INFO - 処理中 (1/1620): 極洋 (1301.T) [new] 2025-01-06～2025-09-28
2025-09-28 22:40:55,869 - INFO - ✅ 新規: 極洋 (1301.T) 179件
2025-09-28 22:40:56,877 - INFO - 処理中 (2/1620): ニッスイ (1332.T) [new] 2025-01-06～2025-09-28
2025-09-28 22:40:57,203 - INFO - ✅ 新規: ニッスイ (1332.T) 179件
2025-09-28 22:40:58,211 - INFO - 処理中 (3/1620): マルハニチロ (1333.T) [new] 2025-01-06～2025-09-28
2025-09-28 22:40:58,466 - INFO - ✅ 新規: マルハニチロ (1333.T) 179件
2025-09-28 22:40:59,474 - INFO - 処理中 (4/1620): ユキグニファクトリー (1375.T) [new] 2025-01-06～2025-09-28
2025-09-28 22:40:59,716 - INFO - ✅ 新規: ユキグニファクトリー (1375.T) 179件
2025-09-28 22:41:00,724 - INFO - 処理中 (5/1620): サカタのタネ (1377.T) [new] 2025-01-06～2025-09-28
2025-09-28 22:41:01,032 - INFO - ✅ 新規: サカタのタネ (1377.T) 179件
2025-09-28 22:41:02,040 - INFO - 処理中 (6/1620): ホクト (1379.T) [new] 2025-01-06～2025-09-28
2025-09-28 22:41:02,349 - INFO - ✅ 新規: ホクト (1379.T) 179件
2025-09-28 22:41:03,358 - INFO - 処理中 (7/1620): ショーボンドホールディングス (1414.T) [new] 2025-01-06～2025-09-28
2025-09-28 22:41:03,620 - INFO - ✅ 新規: ショーボンドホールディングス (1414.T) 179件
2025-09-28 22:41:04,629 - INFO - 処理中 (8/1620): ミライト・ワン (1417.T) [new] 2025-01-06～2025-09-28
2025-09-28 22:41:04,886 - INFO - ✅ 新規: ミライト・ワン (1417.T) 179件
2025-09-28 22:41:05,894 - INFO - 処理中 (9/1620): タマホーム (1419.T) [new] 2025-01-06～2025-09-28
2025-09-28 22:41:06,155 - INFO - ✅ 新規: タマホーム (1419.T) 179件
2025-09-28 22:41:07,165 - INFO - 処理中 (10/1620): 日本アクア (1429.T) [new] 2025-01-06～2025-09-28
2025-09-28 22:41:07,421 - INFO - ✅ 新規: 日本アクア (1429.T) 179件
2025-09-28 22:41:08,429 - INFO - 処理中 (11/1620): ベステラ (1433.T) [new] 2025-01-06～2025-09-28
2025-09-28 22:41:08,716 - INFO - ✅ 新規: ベステラ (1433.T) 179件
2025-09-28 22:41:09,725 - INFO - 処理中 (12/1620): 日鉄鉱業 (1515.T) [new] 2025-01-06～2025-09-28
2025-09-28 22:41:10,052 - INFO - ✅ 新規: 日鉄鉱業 (1515.T) 179件
2025-09-28 22:41:11,060 - INFO - 処理中 (13/1620): 三井松島ホールディングス (1518.T) [new] 2025-01-06～2025-09-28
2025-09-28 22:41:11,364 - INFO - ✅ 新規: 三井松島ホールディングス (1518.T) 179件
2025-09-28 22:41:12,372 - INFO - 処理中 (14/1620): ＩＮＰＥＸ (1605.T) [new] 2025-01-06～2025-09-28
2025-09-28 22:41:12,633 - INFO - ✅ 新規: ＩＮＰＥＸ (1605.T) 179件
2025-09-28 22:41:13,642 - INFO - 処理中 (15/1620): 石油資源開発 (1662.T) [new] 2025-01-06～2025-09-28
2025-09-28 22:41:13,926 - INFO - ✅ 新規: 石油資源開発 (1662.T) 179件
2025-09-28 22:41:14,935 - INFO - 処理中 (16/1620): Ｋ＆Ｏエナジーグループ (1663.T) [new] 2025-01-06～2025-09-28
2025-09-28 22:41:15,183 - INFO - ✅ 新規: Ｋ＆Ｏエナジーグループ (1663.T) 179件
2025-09-28 22:41:16,192 - INFO - 処理中 (17/1620): リョーサン菱洋ホールディングス (167A.T) [new] 2025-01-06～2025-09-28
2025-09-28 22:41:16,432 - INFO - ✅ 新規: リョーサン菱洋ホールディングス (167A.T) 179件
2025-09-28 22:41:17,441 - INFO - 処理中 (18/1620): 安藤・間 (1719.T) [new] 2025-01-06～2025-09-28
2025-09-28 22:41:17,729 - INFO - ✅ 新規: 安藤・間 (1719.T) 179件
2025-09-28 22:41:18,738 - INFO - 処理中 (19/1620): 東急建設 (1720.T) [new] 2025-01-06～2025-09-28
2025-09-28 22:41:19,004 - INFO - ✅ 新規: 東急建設 (1720.T) 179件
2025-09-28 22:41:20,013 - INFO - 処理中 (20/1620): コムシスホールディングス (1721.T) [new] 2025-01-06～2025-09-28
2025-09-28 22:41:20,296 - INFO - ✅ 新規: コムシスホールディングス (1721.T) 179件
2025-09-28 22:41:21,304 - INFO - 処理中 (21/1620): ビーアールホールディングス (1726.T) [new] 2025-01-06～2025-09-28
2025-09-28 22:41:21,585 - INFO - ✅ 新規: ビーアールホールディングス (1726.T) 179件
2025-09-28 22:41:22,595 - INFO - 処理中 (22/1620): 高松コンストラクショングループ (1762.T) [new] 2025-01-06～2025-09-28
2025-09-28 22:41:23,028 - INFO - ✅ 新規: 高松コンストラクショングループ (1762.T) 179件
2025-09-28 22:41:24,037 - INFO - 処理中 (23/1620): 東建コーポレーション (1766.T) [new] 2025-01-06～2025-09-28
2025-09-28 22:41:24,337 - INFO - ✅ 新規: 東建コーポレーション (1766.T) 179件
2025-09-28 22:41:25,345 - INFO - 処理中 (24/1620): ワイ・ティー・エル・コーポレーション・バーハッド (1773.T) [new] 2025-01-06～2025-09-28
2025-09-28 22:41:28,554 - INFO - ✅ 新規: ワイ・ティー・エル・コーポレーション・バーハッド (1773.T) 179件
2025-09-28 22:41:29,563 - INFO - 処理中 (25/1620): ヤマウラ (1780.T) [new] 2025-01-06～2025-09-28
2025-09-28 22:41:29,862 - INFO - ✅ 新規: ヤマウラ (1780.T) 179件
2025-09-28 22:41:30,872 - INFO - 処理中 (26/1620): オリエンタル白石 (1786.T) [new] 2025-01-06～2025-09-28
2025-09-28 22:41:31,127 - INFO - ✅ 新規: オリエンタル白石 (1786.T) 179件
2025-09-28 22:41:32,136 - INFO - 処理中 (27/1620): 大成建設 (1801.T) [new] 2025-01-06～2025-09-28
2025-09-28 22:41:32,435 - INFO - ✅ 新規: 大成建設 (1801.T) 179件
2025-09-28 22:41:33,445 - INFO - 処理中 (28/1620): 大林組 (1802.T) [new] 2025-01-06～2025-09-28
2025-09-28 22:41:33,887 - INFO - ✅ 新規: 大林組 (1802.T) 179件
2025-09-28 22:41:34,896 - INFO - 処理中 (29/1620): 清水建設 (1803.T) [new] 2025-01-06～2025-09-28
2025-09-28 22:41:35,192 - INFO - ✅ 新規: 清水建設 (1803.T) 179件
2025-09-28 22:41:36,202 - INFO - 処理中 (30/1620): 長谷工コーポレーション (1808.T) [new] 2025-01-06～2025-09-28
2025-09-28 22:41:36,492 - INFO - ✅ 新規: 長谷工コーポレーション (1808.T) 179件
2025-09-28 22:41:37,502 - INFO - 処理中 (31/1620): 鹿島建設 (1812.T) [new] 2025-01-06～2025-09-28
2025-09-28 22:41:37,810 - INFO - ✅ 新規: 鹿島建設 (1812.T) 179件
2025-09-28 22:41:38,818 - INFO - 処理中 (32/1620): 不動テトラ (1813.T) [new] 2025-01-06～2025-09-28
2025-09-28 22:41:39,122 - INFO - ✅ 新規: 不動テトラ (1813.T) 179件
2025-09-28 22:41:40,131 - INFO - 処理中 (33/1620): 大末建設 (1814.T) [new] 2025-01-06～2025-09-28
2025-09-28 22:41:40,425 - INFO - ✅ 新規: 大末建設 (1814.T) 179件
2025-09-28 22:41:41,434 - INFO - 処理中 (34/1620): 鉄建建設 (1815.T) [new] 2025-01-06～2025-09-28
2025-09-28 22:41:41,733 - INFO - ✅ 新規: 鉄建建設 (1815.T) 179件
2025-09-28 22:41:42,740 - INFO - 処理中 (35/1620): 西松建設 (1820.T) [new] 2025-01-06～2025-09-28
2025-09-28 22:41:43,042 - INFO - ✅ 新規: 西松建設 (1820.T) 179件
2025-09-28 22:41:44,051 - INFO - 処理中 (36/1620): 三井住友建設 (1821.T) [new] 2025-01-06～2025-09-28
2025-09-28 22:41:44,372 - INFO - ✅ 新規: 三井住友建設 (1821.T) 179件
2025-09-28 22:41:45,381 - INFO - 処理中 (37/1620): 奥村組 (1833.T) [new] 2025-01-06～2025-09-28
2025-09-28 22:41:45,677 - INFO - ✅ 新規: 奥村組 (1833.T) 179件
2025-09-28 22:41:46,685 - INFO - 処理中 (38/1620): 東鉄工業 (1835.T) [new] 2025-01-06～2025-09-28
2025-09-28 22:41:46,966 - INFO - ✅ 新規: 東鉄工業 (1835.T) 179件
2025-09-28 22:41:47,975 - INFO - 処理中 (39/1620): 淺沼組 (1852.T) [new] 2025-01-06～2025-09-28
2025-09-28 22:41:48,278 - INFO - ✅ 新規: 淺沼組 (1852.T) 179件
2025-09-28 22:41:49,287 - INFO - 処理中 (40/1620): 戸田建設 (1860.T) [new] 2025-01-06～2025-09-28
2025-09-28 22:41:49,594 - INFO - ✅ 新規: 戸田建設 (1860.T) 179件
2025-09-28 22:41:50,603 - INFO - 処理中 (41/1620): 熊谷組 (1861.T) [new] 2025-01-06～2025-09-28
2025-09-28 22:41:50,925 - INFO - ✅ 新規: 熊谷組 (1861.T) 179件
2025-09-28 22:41:51,934 - INFO - 処理中 (42/1620): 矢作建設工業 (1870.T) [new] 2025-01-06～2025-09-28
2025-09-28 22:41:52,329 - INFO - ✅ 新規: 矢作建設工業 (1870.T) 179件
2025-09-28 22:41:53,338 - INFO - 処理中 (43/1620): ピーエス・コンストラクション (1871.T) [new] 2025-01-06～2025-09-28
2025-09-28 22:41:53,632 - INFO - ✅ 新規: ピーエス・コンストラクション (1871.T) 179件
2025-09-28 22:41:54,641 - INFO - 処理中 (44/1620): 日本ハウスホールディングス (1873.T) [new] 2025-01-06～2025-09-28
2025-09-28 22:41:54,939 - INFO - ✅ 新規: 日本ハウスホールディングス (1873.T) 179件
2025-09-28 22:41:55,947 - INFO - 処理中 (45/1620): 大東建託 (1878.T) [new] 2025-01-06～2025-09-28
2025-09-28 22:41:56,254 - INFO - ✅ 新規: 大東建託 (1878.T) 179件
2025-09-28 22:41:57,263 - INFO - 処理中 (46/1620): 新日本建設 (1879.T) [new] 2025-01-06～2025-09-28
2025-09-28 22:41:57,552 - INFO - ✅ 新規: 新日本建設 (1879.T) 179件
2025-09-28 22:41:58,561 - INFO - 処理中 (47/1620): 東亜道路工業 (1882.T) [new] 2025-01-06～2025-09-28
2025-09-28 22:41:58,987 - INFO - ✅ 新規: 東亜道路工業 (1882.T) 179件
2025-09-28 22:41:59,996 - INFO - 処理中 (48/1620): 日本道路 (1884.T) [new] 2025-01-06～2025-09-28
2025-09-28 22:42:00,303 - INFO - ✅ 新規: 日本道路 (1884.T) 179件
2025-09-28 22:42:04,171 - INFO - 処理中 (49/1620): 東亜建設工業 (1885.T) [new] 2025-01-06～2025-09-28
2025-09-28 22:42:04,576 - INFO - ✅ 新規: 東亜建設工業 (1885.T) 179件
2025-09-28 22:42:05,586 - INFO - 処理中 (50/1620): 日本国土開発 (1887.T) [new] 2025-01-06～2025-09-28
2025-09-28 22:42:05,831 - INFO - ✅ 新規: 日本国土開発 (1887.T) 179件
2025-09-28 22:42:05,832 - INFO - 進捗: 3.1% (新規:50, 更新:0, 失敗:0, 新レコード:8,950)
2025-09-28 22:42:06,833 - INFO - === バッチ 2 (51-100/1620) ===
2025-09-28 22:42:06,840 - INFO - 処理中 (51/1620): 若築建設 (1888.T) [new] 2025-01-06～2025-09-28
2025-09-28 22:42:07,150 - INFO - ✅ 新規: 若築建設 (1888.T) 179件
2025-09-28 22:42:08,159 - INFO - 処理中 (52/1620): 東洋建設 (1890.T) [new] 2025-01-06～2025-09-28
2025-09-28 22:42:08,455 - INFO - ✅ 新規: 東洋建設 (1890.T) 179件
2025-09-28 22:42:09,464 - INFO - 処理中 (53/1620): 五洋建設 (1893.T) [new] 2025-01-06～2025-09-28
2025-09-28 22:42:09,781 - INFO - ✅ 新規: 五洋建設 (1893.T) 179件
2025-09-28 22:42:10,791 - INFO - 処理中 (54/1620): 世紀東急工業 (1898.T) [new] 2025-01-06～2025-09-28
2025-09-28 22:42:11,111 - INFO - ✅ 新規: 世紀東急工業 (1898.T) 179件
2025-09-28 22:42:12,118 - INFO - 処理中 (55/1620): 福田組 (1899.T) [new] 2025-01-06～2025-09-28
2025-09-28 22:42:12,431 - INFO - ✅ 新規: 福田組 (1899.T) 179件
2025-09-28 22:42:13,440 - INFO - 処理中 (56/1620): 住友林業 (1911.T) [new] 2025-01-06～2025-09-28
2025-09-28 22:42:13,750 - INFO - ✅ 新規: 住友林業 (1911.T) 179件
2025-09-28 22:42:14,757 - INFO - 処理中 (57/1620): 大和ハウス工業 (1925.T) [new] 2025-01-06～2025-09-28
2025-09-28 22:42:15,049 - INFO - ✅ 新規: 大和ハウス工業 (1925.T) 179件
2025-09-28 22:42:16,058 - INFO - 処理中 (58/1620): ライト工業 (1926.T) [new] 2025-01-06～2025-09-28
2025-09-28 22:42:16,340 - INFO - ✅ 新規: ライト工業 (1926.T) 179件
2025-09-28 22:42:17,349 - INFO - 処理中 (59/1620): 積水ハウス (1928.T) [new] 2025-01-06～2025-09-28
2025-09-28 22:42:17,653 - INFO - ✅ 新規: 積水ハウス (1928.T) 179件
2025-09-28 22:42:18,663 - INFO - 処理中 (60/1620): 日特建設 (1929.T) [new] 2025-01-06～2025-09-28
2025-09-28 22:42:18,971 - INFO - ✅ 新規: 日特建設 (1929.T) 179件
2025-09-28 22:42:19,980 - INFO - 処理中 (61/1620): 北陸電気工事 (1930.T) [new] 2025-01-06～2025-09-28
2025-09-28 22:42:20,314 - INFO - ✅ 新規: 北陸電気工事 (1930.T) 179件
2025-09-28 22:42:21,323 - INFO - 処理中 (62/1620): ユアテック (1934.T) [new] 2025-01-06～2025-09-28
2025-09-28 22:42:21,766 - INFO - ✅ 新規: ユアテック (1934.T) 179件
2025-09-28 22:42:22,774 - INFO - 処理中 (63/1620): 日本リーテック (1938.T) [new] 2025-01-06～2025-09-28
2025-09-28 22:42:23,104 - INFO - ✅ 新規: 日本リーテック (1938.T) 179件
2025-09-28 22:42:24,112 - INFO - 処理中 (64/1620): 四電工 (1939.T) [new] 2025-01-06～2025-09-28
2025-09-28 22:42:24,482 - INFO - ✅ 新規: 四電工 (1939.T) 179件
2025-09-28 22:42:25,491 - INFO - 処理中 (65/1620): 中電工 (1941.T) [new] 2025-01-06～2025-09-28
2025-09-28 22:42:25,956 - INFO - ✅ 新規: 中電工 (1941.T) 179件
2025-09-28 22:42:26,964 - INFO - 処理中 (66/1620): 関電工 (1942.T) [new] 2025-01-06～2025-09-28
2025-09-28 22:42:27,263 - INFO - ✅ 新規: 関電工 (1942.T) 179件
2025-09-28 22:42:28,272 - INFO - 処理中 (67/1620): きんでん (1944.T) [new] 2025-01-06～2025-09-28
2025-09-28 22:42:28,584 - INFO - ✅ 新規: きんでん (1944.T) 179件
2025-09-28 22:42:29,593 - INFO - 処理中 (68/1620): 東京エネシス (1945.T) [new] 2025-01-06～2025-09-28
2025-09-28 22:42:29,927 - INFO - ✅ 新規: 東京エネシス (1945.T) 179件
2025-09-28 22:42:30,936 - INFO - 処理中 (69/1620): トーエネック (1946.T) [new] 2025-01-06～2025-09-28
2025-09-28 22:42:31,247 - INFO - ✅ 新規: トーエネック (1946.T) 179件
2025-09-28 22:42:32,256 - INFO - 処理中 (70/1620): 住友電設 (1949.T) [new] 2025-01-06～2025-09-28
2025-09-28 22:42:32,582 - INFO - ✅ 新規: 住友電設 (1949.T) 179件
2025-09-28 22:42:33,591 - INFO - 処理中 (71/1620): 日本電設工業 (1950.T) [new] 2025-01-06～2025-09-28
2025-09-28 22:42:33,880 - INFO - ✅ 新規: 日本電設工業 (1950.T) 179件
2025-09-28 22:42:34,889 - INFO - 処理中 (72/1620): エクシオグループ (1951.T) [new] 2025-01-06～2025-09-28
2025-09-28 22:42:35,191 - INFO - ✅ 新規: エクシオグループ (1951.T) 179件
2025-09-28 22:42:39,128 - INFO - 処理中 (73/1620): 新日本空調 (1952.T) [new] 2025-01-06～2025-09-28
2025-09-28 22:42:39,412 - INFO - ✅ 新規: 新日本空調 (1952.T) 179件
2025-09-28 22:42:40,421 - INFO - 処理中 (74/1620): 九電工 (1959.T) [new] 2025-01-06～2025-09-28
2025-09-28 22:42:40,884 - INFO - ✅ 新規: 九電工 (1959.T) 179件
2025-09-28 22:42:41,892 - INFO - 処理中 (75/1620): 三機工業 (1961.T) [new] 2025-01-06～2025-09-28
2025-09-28 22:42:42,200 - INFO - ✅ 新規: 三機工業 (1961.T) 179件
2025-09-28 22:42:43,208 - INFO - 処理中 (76/1620): 日揮ホールディングス (1963.T) [new] 2025-01-06～2025-09-28
2025-09-28 22:42:43,513 - INFO - ✅ 新規: 日揮ホールディングス (1963.T) 179件
2025-09-28 22:42:44,522 - INFO - 処理中 (77/1620): 中外炉工業 (1964.T) [new] 2025-01-06～2025-09-28
2025-09-28 22:42:44,797 - INFO - ✅ 新規: 中外炉工業 (1964.T) 179件
2025-09-28 22:42:45,807 - INFO - 処理中 (78/1620): 太平電業 (1968.T) [new] 2025-01-06～2025-09-28
2025-09-28 22:42:46,150 - INFO - ✅ 新規: 太平電業 (1968.T) 179件
2025-09-28 22:42:47,159 - INFO - 処理中 (79/1620): 高砂熱学工業 (1969.T) [new] 2025-01-06～2025-09-28
2025-09-28 22:42:47,449 - INFO - ✅ 新規: 高砂熱学工業 (1969.T) 179件
2025-09-28 22:42:48,459 - INFO - 処理中 (80/1620): 朝日工業社 (1975.T) [new] 2025-01-06～2025-09-28
2025-09-28 22:42:48,760 - INFO - ✅ 新規: 朝日工業社 (1975.T) 179件
2025-09-28 22:42:49,770 - INFO - 処理中 (81/1620): 明星工業 (1976.T) [new] 2025-01-06～2025-09-28
2025-09-28 22:42:50,063 - INFO - ✅ 新規: 明星工業 (1976.T) 179件
2025-09-28 22:42:51,072 - INFO - 処理中 (82/1620): 大氣社 (1979.T) [new] 2025-01-06～2025-09-28
2025-09-28 22:42:51,368 - INFO - ✅ 新規: 大氣社 (1979.T) 179件
2025-09-28 22:42:52,377 - INFO - 処理中 (83/1620): ダイダン (1980.T) [new] 2025-01-06～2025-09-28
2025-09-28 22:42:52,657 - INFO - ✅ 新規: ダイダン (1980.T) 179件
2025-09-28 22:42:53,666 - INFO - 処理中 (84/1620): 日比谷総合設備 (1982.T) [new] 2025-01-06～2025-09-28
2025-09-28 22:42:53,943 - INFO - ✅ 新規: 日比谷総合設備 (1982.T) 179件
2025-09-28 22:42:54,952 - INFO - 処理中 (85/1620): ニップン (2001.T) [new] 2025-01-06～2025-09-28
2025-09-28 22:42:55,228 - INFO - ✅ 新規: ニップン (2001.T) 179件
2025-09-28 22:42:56,237 - INFO - 処理中 (86/1620): 日清製粉グループ本社 (2002.T) [new] 2025-01-06～2025-09-28
2025-09-28 22:42:56,520 - INFO - ✅ 新規: 日清製粉グループ本社 (2002.T) 179件
2025-09-28 22:42:57,529 - INFO - 処理中 (87/1620): 昭和産業 (2004.T) [new] 2025-01-06～2025-09-28
2025-09-28 22:42:57,820 - INFO - ✅ 新規: 昭和産業 (2004.T) 179件
2025-09-28 22:42:58,830 - INFO - 処理中 (88/1620): 中部飼料 (2053.T) [new] 2025-01-06～2025-09-28
2025-09-28 22:42:59,114 - INFO - ✅ 新規: 中部飼料 (2053.T) 179件
2025-09-28 22:43:00,122 - INFO - 処理中 (89/1620): フィード・ワン (2060.T) [new] 2025-01-06～2025-09-28
2025-09-28 22:43:00,387 - INFO - ✅ 新規: フィード・ワン (2060.T) 179件
2025-09-28 22:43:01,395 - INFO - 処理中 (90/1620): 日本甜菜製糖 (2108.T) [new] 2025-01-06～2025-09-28
2025-09-28 22:43:01,703 - INFO - ✅ 新規: 日本甜菜製糖 (2108.T) 179件
2025-09-28 22:43:02,712 - INFO - 処理中 (91/1620): ＤＭ三井製糖 (2109.T) [new] 2025-01-06～2025-09-28
2025-09-28 22:43:03,048 - INFO - ✅ 新規: ＤＭ三井製糖 (2109.T) 179件
2025-09-28 22:43:04,057 - INFO - 処理中 (92/1620): ウェルネオシュガー (2117.T) [new] 2025-01-06～2025-09-28
2025-09-28 22:43:04,302 - INFO - ✅ 新規: ウェルネオシュガー (2117.T) 179件
2025-09-28 22:43:05,311 - INFO - 処理中 (93/1620): ＬＩＦＵＬＬ (2120.T) [new] 2025-01-06～2025-09-28
2025-09-28 22:43:05,574 - INFO - ✅ 新規: ＬＩＦＵＬＬ (2120.T) 179件
2025-09-28 22:43:06,583 - INFO - 処理中 (94/1620): ＭＩＸＩ (2121.T) [new] 2025-01-06～2025-09-28
2025-09-28 22:43:06,869 - INFO - ✅ 新規: ＭＩＸＩ (2121.T) 179件
2025-09-28 22:43:07,877 - INFO - 処理中 (95/1620): ジェイエイシーリクルートメント (2124.T) [new] 2025-01-06～2025-09-28
2025-09-28 22:43:08,151 - INFO - ✅ 新規: ジェイエイシーリクルートメント (2124.T) 179件
2025-09-28 22:43:09,159 - INFO - 処理中 (96/1620): 日本Ｍ＆Ａセンターホールディングス (2127.T) [new] 2025-01-06～2025-09-28
2025-09-28 22:43:09,465 - INFO - ✅ 新規: 日本Ｍ＆Ａセンターホールディングス (2127.T) 179件
2025-09-28 22:43:10,475 - INFO - 処理中 (97/1620): メンバーズ (2130.T) [new] 2025-01-06～2025-09-28
2025-09-28 22:43:10,729 - INFO - ✅ 新規: メンバーズ (2130.T) 179件
2025-09-28 22:43:14,700 - INFO - 処理中 (98/1620): ＵＴグループ (2146.T) [new] 2025-01-06～2025-09-28
2025-09-28 22:43:14,972 - INFO - ✅ 新規: ＵＴグループ (2146.T) 179件
2025-09-28 22:43:15,981 - INFO - 処理中 (99/1620): アイティメディア (2148.T) [new] 2025-01-06～2025-09-28
2025-09-28 22:43:16,246 - INFO - ✅ 新規: アイティメディア (2148.T) 179件
2025-09-28 22:43:17,254 - INFO - 処理中 (100/1620): ケアネット (2150.T) [new] 2025-01-06～2025-09-28
2025-09-28 22:43:17,530 - INFO - ✅ 新規: ケアネット (2150.T) 179件
2025-09-28 22:43:17,531 - INFO - 進捗: 6.2% (新規:100, 更新:0, 失敗:0, 新レコード:17,900)
2025-09-28 22:43:18,531 - INFO - === バッチ 3 (101-150/1620) ===
2025-09-28 22:43:18,540 - INFO - 処理中 (101/1620): Ｅ・Ｊホールディングス (2153.T) [new] 2025-01-06～2025-09-28
2025-09-28 22:43:18,815 - INFO - ✅ 新規: Ｅ・Ｊホールディングス (2153.T) 179件
2025-09-28 22:43:19,824 - INFO - 処理中 (102/1620): オープンアップグループ (2154.T) [new] 2025-01-06～2025-09-28
2025-09-28 22:43:20,077 - INFO - ✅ 新規: オープンアップグループ (2154.T) 179件
2025-09-28 22:43:21,086 - INFO - 処理中 (103/1620): コシダカホールディングス (2157.T) [new] 2025-01-06～2025-09-28
2025-09-28 22:43:21,355 - INFO - ✅ 新規: コシダカホールディングス (2157.T) 179件
2025-09-28 22:43:22,363 - INFO - 処理中 (104/1620): アルトナー (2163.T) [new] 2025-01-06～2025-09-28
2025-09-28 22:43:22,699 - INFO - ✅ 新規: アルトナー (2163.T) 179件
2025-09-28 22:43:23,708 - INFO - 処理中 (105/1620): パソナグループ (2168.T) [new] 2025-01-06～2025-09-28
2025-09-28 22:43:23,968 - INFO - ✅ 新規: パソナグループ (2168.T) 179件
2025-09-28 22:43:24,976 - INFO - 処理中 (106/1620): リンクアンドモチベーション (2170.T) [new] 2025-01-06～2025-09-28
2025-09-28 22:43:25,251 - INFO - ✅ 新規: リンクアンドモチベーション (2170.T) 179件
2025-09-28 22:43:26,260 - INFO - 処理中 (107/1620): エス・エム・エス (2175.T) [new] 2025-01-06～2025-09-28
2025-09-28 22:43:26,529 - INFO - ✅ 新規: エス・エム・エス (2175.T) 179件
2025-09-28 22:43:27,537 - INFO - 処理中 (108/1620): パーソルホールディングス (2181.T) [new] 2025-01-06～2025-09-28
2025-09-28 22:43:27,870 - INFO - ✅ 新規: パーソルホールディングス (2181.T) 179件
2025-09-28 22:43:28,879 - INFO - 処理中 (109/1620): アイ・ケイ・ケイホールディングス (2198.T) [new] 2025-01-06～2025-09-28
2025-09-28 22:43:29,152 - INFO - ✅ 新規: アイ・ケイ・ケイホールディングス (2198.T) 179件
2025-09-28 22:43:30,160 - INFO - 処理中 (110/1620): 森永製菓 (2201.T) [new] 2025-01-06～2025-09-28
2025-09-28 22:43:30,479 - INFO - ✅ 新規: 森永製菓 (2201.T) 179件
2025-09-28 22:43:31,488 - INFO - 処理中 (111/1620): 江崎グリコ (2206.T) [new] 2025-01-06～2025-09-28
2025-09-28 22:43:31,808 - INFO - ✅ 新規: 江崎グリコ (2206.T) 179件
2025-09-28 22:43:32,817 - INFO - 処理中 (112/1620): 名糖産業 (2207.T) [new] 2025-01-06～2025-09-28
2025-09-28 22:43:33,098 - INFO - ✅ 新規: 名糖産業 (2207.T) 179件
2025-09-28 22:43:34,108 - INFO - 処理中 (113/1620): 井村屋グループ (2209.T) [new] 2025-01-06～2025-09-28
2025-09-28 22:43:34,420 - INFO - ✅ 新規: 井村屋グループ (2209.T) 179件
2025-09-28 22:43:35,429 - INFO - 処理中 (114/1620): 不二家 (2211.T) [new] 2025-01-06～2025-09-28
2025-09-28 22:43:35,726 - INFO - ✅ 新規: 不二家 (2211.T) 179件
2025-09-28 22:43:36,735 - INFO - 処理中 (115/1620): 山崎製パン (2212.T) [new] 2025-01-06～2025-09-28
2025-09-28 22:43:37,054 - INFO - ✅ 新規: 山崎製パン (2212.T) 179件
2025-09-28 22:43:38,063 - INFO - 処理中 (116/1620): モロゾフ (2217.T) [new] 2025-01-06～2025-09-28
2025-09-28 22:43:38,369 - INFO - ✅ 新規: モロゾフ (2217.T) 179件
2025-09-28 22:43:39,379 - INFO - 処理中 (117/1620): 亀田製菓 (2220.T) [new] 2025-01-06～2025-09-28
2025-09-28 22:43:39,682 - INFO - ✅ 新規: 亀田製菓 (2220.T) 179件
2025-09-28 22:43:40,691 - INFO - 処理中 (118/1620): 寿スピリッツ (2222.T) [new] 2025-01-06～2025-09-28
2025-09-28 22:43:40,958 - INFO - ✅ 新規: 寿スピリッツ (2222.T) 179件
2025-09-28 22:43:41,967 - INFO - 処理中 (119/1620): カルビー (2229.T) [new] 2025-01-06～2025-09-28
2025-09-28 22:43:42,244 - INFO - ✅ 新規: カルビー (2229.T) 179件
2025-09-28 22:43:43,253 - INFO - 処理中 (120/1620): 森永乳業 (2264.T) [new] 2025-01-06～2025-09-28
2025-09-28 22:43:43,540 - INFO - ✅ 新規: 森永乳業 (2264.T) 179件
2025-09-28 22:43:44,549 - INFO - 処理中 (121/1620): 六甲バター (2266.T) [new] 2025-01-06～2025-09-28
2025-09-28 22:43:44,850 - INFO - ✅ 新規: 六甲バター (2266.T) 179件
2025-09-28 22:43:45,858 - INFO - 処理中 (122/1620): ヤクルト本社 (2267.T) [new] 2025-01-06～2025-09-28
2025-09-28 22:43:46,155 - INFO - ✅ 新規: ヤクルト本社 (2267.T) 179件
2025-09-28 22:43:50,099 - INFO - 処理中 (123/1620): 明治ホールディングス (2269.T) [new] 2025-01-06～2025-09-28
2025-09-28 22:43:50,365 - INFO - ✅ 新規: 明治ホールディングス (2269.T) 179件
2025-09-28 22:43:51,375 - INFO - 処理中 (124/1620): 雪印メグミルク (2270.T) [new] 2025-01-06～2025-09-28
2025-09-28 22:43:51,632 - INFO - ✅ 新規: 雪印メグミルク (2270.T) 179件
2025-09-28 22:43:52,641 - INFO - 処理中 (125/1620): プリマハム (2281.T) [new] 2025-01-06～2025-09-28
2025-09-28 22:43:52,924 - INFO - ✅ 新規: プリマハム (2281.T) 179件
2025-09-28 22:43:53,933 - INFO - 処理中 (126/1620): 日本ハム (2282.T) [new] 2025-01-06～2025-09-28
2025-09-28 22:43:54,236 - INFO - ✅ 新規: 日本ハム (2282.T) 179件
2025-09-28 22:43:55,244 - INFO - 処理中 (127/1620): 丸大食品 (2288.T) [new] 2025-01-06～2025-09-28
2025-09-28 22:43:55,545 - INFO - ✅ 新規: 丸大食品 (2288.T) 179件
2025-09-28 22:43:56,554 - INFO - 処理中 (128/1620): Ｓ　Ｆｏｏｄｓ (2292.T) [new] 2025-01-06～2025-09-28
2025-09-28 22:43:56,870 - INFO - ✅ 新規: Ｓ　Ｆｏｏｄｓ (2292.T) 179件
2025-09-28 22:43:57,880 - INFO - 処理中 (129/1620): 柿安本店 (2294.T) [new] 2025-01-06～2025-09-28
2025-09-28 22:43:58,222 - INFO - ✅ 新規: 柿安本店 (2294.T) 179件
2025-09-28 22:43:59,230 - INFO - 処理中 (130/1620): 伊藤ハム米久ホールディングス (2296.T) [new] 2025-01-06～2025-09-28
2025-09-28 22:43:59,476 - INFO - ✅ 新規: 伊藤ハム米久ホールディングス (2296.T) 179件
2025-09-28 22:44:00,484 - INFO - 処理中 (131/1620): 学情 (2301.T) [new] 2025-01-06～2025-09-28
2025-09-28 22:44:00,752 - INFO - ✅ 新規: 学情 (2301.T) 179件
2025-09-28 22:44:01,762 - INFO - 処理中 (132/1620): クロスキャット (2307.T) [new] 2025-01-06～2025-09-28
2025-09-28 22:44:02,090 - INFO - ✅ 新規: クロスキャット (2307.T) 179件
2025-09-28 22:44:03,098 - INFO - 処理中 (133/1620): システナ (2317.T) [new] 2025-01-06～2025-09-28
2025-09-28 22:44:03,370 - INFO - ✅ 新規: システナ (2317.T) 179件
2025-09-28 22:44:04,378 - INFO - 処理中 (134/1620): ＮＪＳ (2325.T) [new] 2025-01-06～2025-09-28
2025-09-28 22:44:04,639 - INFO - ✅ 新規: ＮＪＳ (2325.T) 179件
2025-09-28 22:44:05,648 - INFO - 処理中 (135/1620): デジタルアーツ (2326.T) [new] 2025-01-06～2025-09-28
2025-09-28 22:44:05,899 - INFO - ✅ 新規: デジタルアーツ (2326.T) 179件
2025-09-28 22:44:06,907 - INFO - 処理中 (136/1620): 日鉄ソリューションズ (2327.T) [new] 2025-01-06～2025-09-28
2025-09-28 22:44:07,194 - INFO - ✅ 新規: 日鉄ソリューションズ (2327.T) 179件
2025-09-28 22:44:08,202 - INFO - 処理中 (137/1620): ＡＬＳＯＫ (2331.T) [new] 2025-01-06～2025-09-28
2025-09-28 22:44:08,529 - INFO - ✅ 新規: ＡＬＳＯＫ (2331.T) 179件
2025-09-28 22:44:09,540 - INFO - 処理中 (138/1620): キューブシステム (2335.T) [new] 2025-01-06～2025-09-28
2025-09-28 22:44:09,807 - INFO - ✅ 新規: キューブシステム (2335.T) 179件
2025-09-28 22:44:10,814 - INFO - 処理中 (139/1620): いちご (2337.T) [new] 2025-01-06～2025-09-28
2025-09-28 22:44:11,084 - INFO - ✅ 新規: いちご (2337.T) 179件
2025-09-28 22:44:12,093 - INFO - 処理中 (140/1620): 日本駐車場開発 (2353.T) [new] 2025-01-06～2025-09-28
2025-09-28 22:44:12,360 - INFO - ✅ 新規: 日本駐車場開発 (2353.T) 179件
2025-09-28 22:44:13,368 - INFO - 処理中 (141/1620): コア (2359.T) [new] 2025-01-06～2025-09-28
2025-09-28 22:44:13,649 - INFO - ✅ 新規: コア (2359.T) 179件
2025-09-28 22:44:14,663 - INFO - 処理中 (142/1620): カカクコム (2371.T) [new] 2025-01-06～2025-09-28
2025-09-28 22:44:14,977 - INFO - ✅ 新規: カカクコム (2371.T) 179件
2025-09-28 22:44:15,986 - INFO - 処理中 (143/1620): セントケア・ホールディング (2374.T) [new] 2025-01-06～2025-09-28
2025-09-28 22:44:16,265 - INFO - ✅ 新規: セントケア・ホールディング (2374.T) 179件
2025-09-28 22:44:17,274 - INFO - 処理中 (144/1620): ルネサンス (2378.T) [new] 2025-01-06～2025-09-28
2025-09-28 22:44:17,553 - INFO - ✅ 新規: ルネサンス (2378.T) 179件
2025-09-28 22:44:18,562 - INFO - 処理中 (145/1620): ディップ (2379.T) [new] 2025-01-06～2025-09-28
2025-09-28 22:44:18,842 - INFO - ✅ 新規: ディップ (2379.T) 179件
2025-09-28 22:44:19,851 - INFO - 処理中 (146/1620): ＳＢＳホールディングス (2384.T) [new] 2025-01-06～2025-09-28
2025-09-28 22:44:20,119 - INFO - ✅ 新規: ＳＢＳホールディングス (2384.T) 179件
2025-09-28 22:44:21,127 - INFO - 処理中 (147/1620): デジタルホールディングス (2389.T) [new] 2025-01-06～2025-09-28
2025-09-28 22:44:21,400 - INFO - ✅ 新規: デジタルホールディングス (2389.T) 179件
2025-09-28 22:44:25,348 - INFO - 処理中 (148/1620): 新日本科学 (2395.T) [new] 2025-01-06～2025-09-28
2025-09-28 22:44:25,620 - INFO - ✅ 新規: 新日本科学 (2395.T) 179件
2025-09-28 22:44:26,629 - INFO - 処理中 (149/1620): キャリアデザインセンター (2410.T) [new] 2025-01-06～2025-09-28
2025-09-28 22:44:26,911 - INFO - ✅ 新規: キャリアデザインセンター (2410.T) 179件
2025-09-28 22:44:27,919 - INFO - 処理中 (150/1620): エムスリー (2413.T) [new] 2025-01-06～2025-09-28
2025-09-28 22:44:28,182 - INFO - ✅ 新規: エムスリー (2413.T) 179件
2025-09-28 22:44:28,182 - INFO - 進捗: 9.3% (新規:150, 更新:0, 失敗:0, 新レコード:26,850)
2025-09-28 22:44:29,183 - INFO - === バッチ 4 (151-200/1620) ===
2025-09-28 22:44:29,190 - INFO - 処理中 (151/1620): ワールドホールディングス (2429.T) [new] 2025-01-06～2025-09-28
2025-09-28 22:44:29,452 - INFO - ✅ 新規: ワールドホールディングス (2429.T) 179件
2025-09-28 22:44:30,461 - INFO - 処理中 (152/1620): ディー・エヌ・エー (2432.T) [new] 2025-01-06～2025-09-28
2025-09-28 22:44:30,731 - INFO - ✅ 新規: ディー・エヌ・エー (2432.T) 179件
2025-09-28 22:44:31,739 - INFO - 処理中 (153/1620): 博報堂ＤＹホールディングス (2433.T) [new] 2025-01-06～2025-09-28
2025-09-28 22:44:32,020 - INFO - ✅ 新規: 博報堂ＤＹホールディングス (2433.T) 179件
2025-09-28 22:44:33,028 - INFO - 処理中 (154/1620): ぐるなび (2440.T) [new] 2025-01-06～2025-09-28
2025-09-28 22:44:33,277 - INFO - ✅ 新規: ぐるなび (2440.T) 179件
2025-09-28 22:44:34,286 - INFO - 処理中 (155/1620): タカミヤ (2445.T) [new] 2025-01-06～2025-09-28
2025-09-28 22:44:34,557 - INFO - ✅ 新規: タカミヤ (2445.T) 179件
2025-09-28 22:44:35,565 - INFO - 処理中 (156/1620): ファンコミュニケーションズ (2461.T) [new] 2025-01-06～2025-09-28
2025-09-28 22:44:35,819 - INFO - ✅ 新規: ファンコミュニケーションズ (2461.T) 179件
2025-09-28 22:44:36,829 - INFO - 処理中 (157/1620): ライク (2462.T) [new] 2025-01-06～2025-09-28
2025-09-28 22:44:37,209 - INFO - ✅ 新規: ライク (2462.T) 179件
2025-09-28 22:44:38,217 - INFO - 処理中 (158/1620): エスプール (2471.T) [new] 2025-01-06～2025-09-28
2025-09-28 22:44:38,479 - INFO - ✅ 新規: エスプール (2471.T) 179件
2025-09-28 22:44:39,487 - INFO - 処理中 (159/1620): ＷＤＢホールディングス (2475.T) [new] 2025-01-06～2025-09-28
2025-09-28 22:44:39,757 - INFO - ✅ 新規: ＷＤＢホールディングス (2475.T) 179件
2025-09-28 22:44:40,765 - INFO - 処理中 (160/1620): アドウェイズ (2489.T) [new] 2025-01-06～2025-09-28
2025-09-28 22:44:41,014 - INFO - ✅ 新規: アドウェイズ (2489.T) 179件
2025-09-28 22:44:42,023 - INFO - 処理中 (161/1620): バリューコマース (2491.T) [new] 2025-01-06～2025-09-28
2025-09-28 22:44:42,278 - INFO - ✅ 新規: バリューコマース (2491.T) 179件
2025-09-28 22:44:43,289 - INFO - 処理中 (162/1620): インフォマート (2492.T) [new] 2025-01-06～2025-09-28
2025-09-28 22:44:43,575 - INFO - ✅ 新規: インフォマート (2492.T) 179件
2025-09-28 22:44:44,583 - INFO - 処理中 (163/1620): サッポロホールディングス (2501.T) [new] 2025-01-06～2025-09-28
2025-09-28 22:44:44,873 - INFO - ✅ 新規: サッポロホールディングス (2501.T) 179件
2025-09-28 22:44:45,882 - INFO - 処理中 (164/1620): アサヒグループホールディングス (2502.T) [new] 2025-01-06～2025-09-28
2025-09-28 22:44:46,299 - INFO - ✅ 新規: アサヒグループホールディングス (2502.T) 179件
2025-09-28 22:44:47,308 - INFO - 処理中 (165/1620): キリンホールディングス (2503.T) [new] 2025-01-06～2025-09-28
2025-09-28 22:44:47,651 - INFO - ✅ 新規: キリンホールディングス (2503.T) 179件
2025-09-28 22:44:48,660 - INFO - 処理中 (166/1620): 宝ホールディングス (2531.T) [new] 2025-01-06～2025-09-28
2025-09-28 22:44:48,967 - INFO - ✅ 新規: 宝ホールディングス (2531.T) 179件
2025-09-28 22:44:49,974 - INFO - 処理中 (167/1620): オエノンホールディングス (2533.T) [new] 2025-01-06～2025-09-28
2025-09-28 22:44:50,280 - INFO - ✅ 新規: オエノンホールディングス (2533.T) 179件
2025-09-28 22:44:51,289 - INFO - 処理中 (168/1620): 養命酒製造 (2540.T) [new] 2025-01-06～2025-09-28
2025-09-28 22:44:51,615 - INFO - ✅ 新規: 養命酒製造 (2540.T) 179件
2025-09-28 22:44:52,624 - INFO - 処理中 (169/1620): 飛島ホールディングス (256A.T) [new] 2025-01-06～2025-09-28
2025-09-28 22:44:52,873 - INFO - ✅ 新規: 飛島ホールディングス (256A.T) 179件
2025-09-28 22:44:53,882 - INFO - 処理中 (170/1620): コカ・コーラ　ボトラーズジャパンホールディングス (2579.T) [new] 2025-01-06～2025-09-28
2025-09-28 22:44:54,190 - INFO - ✅ 新規: コカ・コーラ　ボトラーズジャパンホールディングス (2579.T) 179件
2025-09-28 22:44:55,199 - INFO - 処理中 (171/1620): ライフドリンク　カンパニー (2585.T) [new] 2025-01-06～2025-09-28
2025-09-28 22:44:55,425 - INFO - ✅ 新規: ライフドリンク　カンパニー (2585.T) 179件
2025-09-28 22:44:56,435 - INFO - 処理中 (172/1620): サントリー食品インターナショナル (2587.T) [new] 2025-01-06～2025-09-28
2025-09-28 22:44:56,692 - INFO - ✅ 新規: サントリー食品インターナショナル (2587.T) 179件
2025-09-28 22:45:00,593 - INFO - 処理中 (173/1620): ダイドーグループホールディングス (2590.T) [new] 2025-01-06～2025-09-28
2025-09-28 22:45:00,868 - INFO - ✅ 新規: ダイドーグループホールディングス (2590.T) 179件
2025-09-28 22:45:01,876 - INFO - 処理中 (174/1620): 伊藤園 (2593.T) [new] 2025-01-06～2025-09-28
2025-09-28 22:45:02,182 - INFO - ✅ 新規: 伊藤園 (2593.T) 179件
2025-09-28 22:45:03,189 - INFO - 処理中 (175/1620): 伊藤園第１種優先株式 (25935.T) [new] 2025-01-06～2025-09-28
2025-09-28 22:45:03,453 - INFO - ✅ 新規: 伊藤園第１種優先株式 (25935.T) 179件
2025-09-28 22:45:04,462 - INFO - 処理中 (176/1620): キーコーヒー (2594.T) [new] 2025-01-06～2025-09-28
2025-09-28 22:45:04,875 - INFO - ✅ 新規: キーコーヒー (2594.T) 179件
2025-09-28 22:45:05,884 - INFO - 処理中 (177/1620): 日清オイリオグループ (2602.T) [new] 2025-01-06～2025-09-28
2025-09-28 22:45:06,171 - INFO - ✅ 新規: 日清オイリオグループ (2602.T) 179件
2025-09-28 22:45:07,179 - INFO - 処理中 (178/1620): 不二製油 (2607.T) [new] 2025-01-06～2025-09-28
2025-09-28 22:45:07,478 - INFO - ✅ 新規: 不二製油 (2607.T) 179件
2025-09-28 22:45:08,487 - INFO - 処理中 (179/1620): Ｊ－オイルミルズ (2613.T) [new] 2025-01-06～2025-09-28
2025-09-28 22:45:08,770 - INFO - ✅ 新規: Ｊ－オイルミルズ (2613.T) 179件
2025-09-28 22:45:09,780 - INFO - 処理中 (180/1620): インターメスティック (262A.T) [new] 2025-01-06～2025-09-28
2025-09-28 22:45:10,007 - INFO - ✅ 新規: インターメスティック (262A.T) 179件
2025-09-28 22:45:11,017 - INFO - 処理中 (181/1620): サンエー (2659.T) [new] 2025-01-06～2025-09-28
2025-09-28 22:45:11,322 - INFO - ✅ 新規: サンエー (2659.T) 179件
2025-09-28 22:45:12,330 - INFO - 処理中 (182/1620): カワチ薬品 (2664.T) [new] 2025-01-06～2025-09-28
2025-09-28 22:45:12,613 - INFO - ✅ 新規: カワチ薬品 (2664.T) 179件
2025-09-28 22:45:13,620 - INFO - 処理中 (183/1620): エービーシー・マート (2670.T) [new] 2025-01-06～2025-09-28
2025-09-28 22:45:14,074 - INFO - ✅ 新規: エービーシー・マート (2670.T) 179件
2025-09-28 22:45:15,081 - INFO - 処理中 (184/1620): ハードオフコーポレーション (2674.T) [new] 2025-01-06～2025-09-28
2025-09-28 22:45:15,359 - INFO - ✅ 新規: ハードオフコーポレーション (2674.T) 179件
2025-09-28 22:45:16,368 - INFO - 処理中 (185/1620): 高千穂交易 (2676.T) [new] 2025-01-06～2025-09-28
2025-09-28 22:45:16,662 - INFO - ✅ 新規: 高千穂交易 (2676.T) 179件
2025-09-28 22:46:33,112 - INFO - 🧪 テスト制限: 10銘柄
2025-09-28 22:46:33,113 - INFO - === 差分株価データ取得開始 ===
2025-09-28 22:46:33,113 - INFO - 基準開始日: 2025-01-06
2025-09-28 22:46:33,113 - INFO - 目標終了日: 2025-09-28
2025-09-28 22:46:33,113 - INFO - リクエスト間隔: 1.0秒
2025-09-28 22:46:33,136 - INFO - === 現在のデータ統計 ===
2025-09-28 22:46:33,137 - INFO - 登録銘柄数: 190
2025-09-28 22:46:33,137 - INFO - 総レコード数: 34,010
2025-09-28 22:46:33,137 - INFO - 最古データ: 2025-01-06
2025-09-28 22:46:33,137 - INFO - 最新データ: 2025-09-26
2025-09-28 22:46:33,137 - INFO - === 最新日別銘柄数 ===
2025-09-28 22:46:33,137 - INFO - 2025-09-26: 190銘柄
2025-09-28 22:46:33,152 - INFO - マスターから1620銘柄を取得しました
2025-09-28 22:46:33,152 - INFO - テストモード: 最初の10銘柄のみ処理します
2025-09-28 22:46:33,152 - INFO - === 処理計画の分析中... ===
2025-09-28 22:46:33,152 - INFO - 分析進捗: 1/10
2025-09-28 22:46:33,217 - INFO - === 処理計画 ===
2025-09-28 22:46:33,217 - INFO - 新規取得: 0銘柄
2025-09-28 22:46:33,217 - INFO - 差分更新: 10銘柄
2025-09-28 22:46:33,217 - INFO - スキップ: 0銘柄
2025-09-28 22:46:33,218 - INFO - 処理対象: 10銘柄
2025-09-28 22:46:33,218 - INFO - 推定データ量: 10レコード
2025-09-28 22:46:33,218 - INFO - 推定処理時間: 0.2分
2025-09-28 22:46:33,218 - INFO - === 実際の処理開始 ===
2025-09-28 22:46:33,218 - INFO - === バッチ 1 (1-10/10) ===
2025-09-28 22:46:33,225 - INFO - 処理中 (1/10): 極洋 (1301.T) [update] 2025-09-27～2025-09-28
2025-09-28 22:46:33,775 - INFO - 🔄 更新: 極洋 (1301.T) 1件
2025-09-28 22:46:34,784 - INFO - 処理中 (2/10): ニッスイ (1332.T) [update] 2025-09-27～2025-09-28
2025-09-28 22:46:34,933 - INFO - 🔄 更新: ニッスイ (1332.T) 1件
2025-09-28 22:46:35,942 - INFO - 処理中 (3/10): マルハニチロ (1333.T) [update] 2025-09-27～2025-09-28
2025-09-28 22:46:36,068 - INFO - 🔄 更新: マルハニチロ (1333.T) 1件
2025-09-28 22:46:37,077 - INFO - 処理中 (4/10): ユキグニファクトリー (1375.T) [update] 2025-09-27～2025-09-28
2025-09-28 22:46:37,193 - INFO - 🔄 更新: ユキグニファクトリー (1375.T) 1件
2025-09-28 22:46:38,202 - INFO - 処理中 (5/10): サカタのタネ (1377.T) [update] 2025-09-27～2025-09-28
2025-09-28 22:46:38,368 - INFO - 🔄 更新: サカタのタネ (1377.T) 1件
2025-09-28 22:46:39,377 - INFO - 処理中 (6/10): ホクト (1379.T) [update] 2025-09-27～2025-09-28
2025-09-28 22:46:39,522 - INFO - 🔄 更新: ホクト (1379.T) 1件
2025-09-28 22:46:40,529 - INFO - 処理中 (7/10): ショーボンドホールディングス (1414.T) [update] 2025-09-27～2025-09-28
2025-09-28 22:46:40,671 - INFO - 🔄 更新: ショーボンドホールディングス (1414.T) 1件
2025-09-28 22:46:41,681 - INFO - 処理中 (8/10): ミライト・ワン (1417.T) [update] 2025-09-27～2025-09-28
2025-09-28 22:46:41,814 - INFO - 🔄 更新: ミライト・ワン (1417.T) 1件
2025-09-28 22:46:45,753 - INFO - 処理中 (9/10): タマホーム (1419.T) [update] 2025-09-27～2025-09-28
2025-09-28 22:46:45,883 - INFO - 🔄 更新: タマホーム (1419.T) 1件
2025-09-28 22:46:46,891 - INFO - 処理中 (10/10): 日本アクア (1429.T) [update] 2025-09-27～2025-09-28
2025-09-28 22:46:47,022 - INFO - 🔄 更新: 日本アクア (1429.T) 1件
2025-09-28 22:46:47,023 - INFO - === 差分取得完了 ===
2025-09-28 22:46:47,023 - INFO - 処理済み銘柄: 10
2025-09-28 22:46:47,023 - INFO - 新規取得成功: 0
2025-09-28 22:46:47,023 - INFO - 差分更新成功: 10
2025-09-28 22:46:47,023 - INFO - 失敗: 0
2025-09-28 22:46:47,023 - INFO - 新規追加レコード: 10件
2025-09-28 22:46:47,043 - INFO - === 更新後データ統計 ===
2025-09-28 22:46:47,043 - INFO - 総銘柄数: 190
2025-09-28 22:46:47,043 - INFO - 総レコード数: 34,010
2025-09-28 22:46:47,043 - INFO - 最新データ: 2025-09-26
2025-09-28 23:00:54,362 - INFO - 🧪 テスト制限: 10銘柄
2025-09-28 23:00:54,364 - INFO - 祝日CSV既存: data_collector/2025.csv
2025-09-28 23:00:54,367 - INFO - 祝日CSV読み込み成功: shift_jisエンコーディング
2025-09-28 23:00:54,372 - INFO - 2025年の祝日を19日読み込みました
2025-09-28 23:00:54,372 - INFO - 営業日調整: 2025-09-28 -> 2025-09-26
2025-09-28 23:00:54,372 - INFO - === 差分株価データ取得開始 ===
2025-09-28 23:00:54,372 - INFO - 基準開始日: 2025-01-06
2025-09-28 23:00:54,372 - INFO - 目標終了日: 2025-09-26 (営業日調整済み)
2025-09-28 23:00:54,372 - INFO - リクエスト間隔: 1.0秒
2025-09-28 23:00:54,411 - INFO - === 現在のデータ統計 ===
2025-09-28 23:00:54,412 - INFO - 登録銘柄数: 190
2025-09-28 23:00:54,412 - INFO - 総レコード数: 34,010
2025-09-28 23:00:54,412 - INFO - 最古データ: 2025-01-06
2025-09-28 23:00:54,412 - INFO - 最新データ: 2025-09-26
2025-09-28 23:00:54,412 - INFO - === 最新日別銘柄数 ===
2025-09-28 23:00:54,412 - INFO - 2025-09-26: 190銘柄
2025-09-28 23:00:54,429 - INFO - マスターから1620銘柄を取得しました
2025-09-28 23:00:54,430 - INFO - テストモード: 最初の10銘柄のみ処理します
2025-09-28 23:00:54,430 - INFO - === 処理計画の分析中... ===
2025-09-28 23:00:54,430 - INFO - 分析進捗: 1/10
2025-09-28 23:00:54,495 - INFO - === 処理計画 ===
2025-09-28 23:00:54,495 - INFO - 新規取得: 0銘柄
2025-09-28 23:00:54,495 - INFO - 差分更新: 0銘柄
2025-09-28 23:00:54,495 - INFO - スキップ: 10銘柄
2025-09-28 23:00:54,496 - INFO - 処理対象: 0銘柄
2025-09-28 23:00:54,496 - INFO - 推定データ量: 0レコード
2025-09-28 23:00:54,496 - INFO - 推定処理時間: 0.0分
2025-09-28 23:00:54,496 - INFO - === 実際の処理開始 ===
2025-09-28 23:00:54,496 - INFO - === バッチ 1 (1-10/10) ===
2025-09-28 23:00:54,559 - INFO - === 差分取得完了 ===
2025-09-28 23:00:54,559 - INFO - 処理済み銘柄: 10
2025-09-28 23:00:54,559 - INFO - 新規取得成功: 0
2025-09-28 23:00:54,559 - INFO - 差分更新成功: 0
2025-09-28 23:00:54,559 - INFO - 失敗: 0
2025-09-28 23:00:54,559 - INFO - 新規追加レコード: 0件
2025-09-28 23:00:54,582 - INFO - === 更新後データ統計 ===
2025-09-28 23:00:54,582 - INFO - 総銘柄数: 190
2025-09-28 23:00:54,582 - INFO - 総レコード数: 34,010
2025-09-28 23:00:54,582 - INFO - 最新データ: 2025-09-26
